2024/06/06 20:39:53 - mmengine - INFO - 
------------------------------------------------------------
System environment:
    sys.platform: linux
    Python: 3.8.19 (default, Mar 20 2024, 19:58:24) [GCC 11.2.0]
    CUDA available: False
    MUSA available: False
    numpy_random_seed: 1921320646
    GCC: gcc (Ubuntu 9.4.0-1ubuntu1~20.04.2) 9.4.0
    PyTorch: 2.3.0
    PyTorch compiling details: PyTorch built with:
  - GCC 9.3
  - C++ Version: 201703
  - Intel(R) oneAPI Math Kernel Library Version 2023.1-Product Build 20230303 for Intel(R) 64 architecture applications
  - Intel(R) MKL-DNN v3.3.6 (Git Hash 86e6af5974177e513fd3fee58425e1063e7f1361)
  - OpenMP 201511 (a.k.a. OpenMP 4.5)
  - LAPACK is enabled (usually provided by MKL)
  - NNPACK is enabled
  - CPU capability usage: AVX2
  - Build settings: BLAS_INFO=mkl, BUILD_TYPE=Release, CUDA_VERSION=12.1, CUDNN_VERSION=8.9.2, CXX_COMPILER=/opt/rh/devtoolset-9/root/usr/bin/c++, CXX_FLAGS= -D_GLIBCXX_USE_CXX11_ABI=0 -fabi-version=11 -fvisibility-inlines-hidden -DUSE_PTHREADPOOL -DNDEBUG -DUSE_KINETO -DLIBKINETO_NOROCTRACER -DUSE_FBGEMM -DUSE_QNNPACK -DUSE_PYTORCH_QNNPACK -DUSE_XNNPACK -DSYMBOLICATE_MOBILE_DEBUG_HANDLE -O2 -fPIC -Wall -Wextra -Werror=return-type -Werror=non-virtual-dtor -Werror=bool-operation -Wnarrowing -Wno-missing-field-initializers -Wno-type-limits -Wno-array-bounds -Wno-unknown-pragmas -Wno-unused-parameter -Wno-unused-function -Wno-unused-result -Wno-strict-overflow -Wno-strict-aliasing -Wno-stringop-overflow -Wsuggest-override -Wno-psabi -Wno-error=pedantic -Wno-error=old-style-cast -Wno-missing-braces -fdiagnostics-color=always -faligned-new -Wno-unused-but-set-variable -Wno-maybe-uninitialized -fno-math-errno -fno-trapping-math -Werror=format -Wno-stringop-overflow, LAPACK_INFO=mkl, PERF_WITH_AVX=1, PERF_WITH_AVX2=1, PERF_WITH_AVX512=1, TORCH_VERSION=2.3.0, USE_CUDA=ON, USE_CUDNN=ON, USE_CUSPARSELT=1, USE_EXCEPTION_PTR=1, USE_GFLAGS=OFF, USE_GLOG=OFF, USE_GLOO=ON, USE_MKL=ON, USE_MKLDNN=ON, USE_MPI=OFF, USE_NCCL=ON, USE_NNPACK=ON, USE_OPENMP=ON, USE_ROCM=OFF, USE_ROCM_KERNEL_ASSERT=OFF, 

    TorchVision: 0.18.0
    OpenCV: 4.9.0
    MMEngine: 0.10.4

Runtime environment:
    cudnn_benchmark: False
    mp_cfg: {'mp_start_method': 'fork', 'opencv_num_threads': 0}
    dist_cfg: {'backend': 'nccl'}
    seed: 1921320646
    Distributed launcher: none
    Distributed training: False
    GPU number: 1
------------------------------------------------------------

2024/06/06 20:39:53 - mmengine - INFO - Config:
backend_args = None
custom_hooks = [
    dict(after_iter=True, type='EmptyCacheHook'),
]
data_root = 'data/s3dis/'
dataset_type = 'S3DISDataset'
default_hooks = dict(
    checkpoint=dict(interval=-1, type='CheckpointHook'),
    logger=dict(interval=50, type='LoggerHook'),
    param_scheduler=dict(type='ParamSchedulerHook'),
    sampler_seed=dict(type='DistSamplerSeedHook'),
    timer=dict(type='IterTimerHook'),
    visualization=dict(type='Det3DVisualizationHook'))
default_scope = 'mmdet3d'
env_cfg = dict(
    cudnn_benchmark=False,
    dist_cfg=dict(backend='nccl'),
    mp_cfg=dict(mp_start_method='fork', opencv_num_threads=0))
launcher = 'none'
load_from = None
log_level = 'INFO'
log_processor = dict(by_epoch=True, type='LogProcessor', window_size=50)
metainfo = dict(classes=(
    'table',
    'chair',
    'sofa',
    'bookcase',
    'board',
))
model = dict(
    backbone=dict(depth=34, in_channels=3, type='MinkResNet'),
    bbox_head=dict(
        bbox_loss=dict(type='AxisAlignedIoULoss'),
        center_loss=dict(type='mmdet.CrossEntropyLoss', use_sigmoid=True),
        cls_loss=dict(type='mmdet.FocalLoss'),
        in_channels=(
            64,
            128,
            256,
            512,
        ),
        num_classes=5,
        num_reg_outs=6,
        out_channels=128,
        pts_assign_threshold=27,
        pts_center_threshold=18,
        pts_prune_threshold=100000,
        type='FCAF3DHead',
        voxel_size=0.01),
    data_preprocessor=dict(type='Det3DDataPreprocessor'),
    test_cfg=dict(iou_thr=0.5, nms_pre=1000, score_thr=0.01),
    train_cfg=dict(),
    type='MinkSingleStage3DDetector')
optim_wrapper = dict(
    clip_grad=dict(max_norm=10, norm_type=2),
    optimizer=dict(lr=0.001, type='AdamW', weight_decay=0.0001),
    type='OptimWrapper')
param_scheduler = dict(
    begin=0,
    by_epoch=True,
    end=12,
    gamma=0.1,
    milestones=[
        8,
        11,
    ],
    type='MultiStepLR')
resume = False
test_area = 5
test_cfg = dict(type='TestLoop')
test_dataloader = dict(
    batch_size=1,
    dataset=dict(
        ann_file='s3dis_infos_Area_5.pkl',
        backend_args=None,
        box_type_3d='Depth',
        data_root='data/s3dis/',
        metainfo=dict(
            classes=(
                'table',
                'chair',
                'sofa',
                'bookcase',
                'board',
            )),
        pipeline=[
            dict(
                backend_args=None,
                coord_type='DEPTH',
                load_dim=6,
                shift_height=False,
                type='LoadPointsFromFile',
                use_color=True,
                use_dim=[
                    0,
                    1,
                    2,
                    3,
                    4,
                    5,
                ]),
            dict(
                flip=False,
                img_scale=(
                    1333,
                    800,
                ),
                pts_scale_ratio=1,
                transforms=[
                    dict(
                        rot_range=[
                            0,
                            0,
                        ],
                        scale_ratio_range=[
                            1.0,
                            1.0,
                        ],
                        translation_std=[
                            0,
                            0,
                            0,
                        ],
                        type='GlobalRotScaleTrans'),
                    dict(
                        flip_ratio_bev_horizontal=0.5,
                        flip_ratio_bev_vertical=0.5,
                        sync_2d=False,
                        type='RandomFlip3D'),
                    dict(num_points=100000, type='PointSample'),
                    dict(color_mean=None, type='NormalizePointsColor'),
                ],
                type='MultiScaleFlipAug3D'),
            dict(keys=[
                'points',
            ], type='Pack3DDetInputs'),
        ],
        test_mode=True,
        type='S3DISDataset'),
    num_workers=1,
    sampler=dict(shuffle=False, type='DefaultSampler'))
test_evaluator = dict(type='IndoorMetric')
test_pipeline = [
    dict(
        backend_args=None,
        coord_type='DEPTH',
        load_dim=6,
        shift_height=False,
        type='LoadPointsFromFile',
        use_color=True,
        use_dim=[
            0,
            1,
            2,
            3,
            4,
            5,
        ]),
    dict(
        flip=False,
        img_scale=(
            1333,
            800,
        ),
        pts_scale_ratio=1,
        transforms=[
            dict(
                rot_range=[
                    0,
                    0,
                ],
                scale_ratio_range=[
                    1.0,
                    1.0,
                ],
                translation_std=[
                    0,
                    0,
                    0,
                ],
                type='GlobalRotScaleTrans'),
            dict(
                flip_ratio_bev_horizontal=0.5,
                flip_ratio_bev_vertical=0.5,
                sync_2d=False,
                type='RandomFlip3D'),
            dict(num_points=100000, type='PointSample'),
            dict(color_mean=None, type='NormalizePointsColor'),
        ],
        type='MultiScaleFlipAug3D'),
    dict(keys=[
        'points',
    ], type='Pack3DDetInputs'),
]
train_area = [
    1,
    2,
    3,
    4,
    6,
]
train_cfg = dict(max_epochs=12, type='EpochBasedTrainLoop', val_interval=12)
train_dataloader = dict(
    batch_size=8,
    dataset=dict(
        dataset=dict(
            datasets=[
                dict(
                    ann_file='s3dis_infos_Area_1.pkl',
                    backend_args=None,
                    box_type_3d='Depth',
                    data_root='data/s3dis/',
                    filter_empty_gt=True,
                    metainfo=dict(
                        classes=(
                            'table',
                            'chair',
                            'sofa',
                            'bookcase',
                            'board',
                        )),
                    pipeline=[
                        dict(
                            backend_args=None,
                            coord_type='DEPTH',
                            load_dim=6,
                            shift_height=False,
                            type='LoadPointsFromFile',
                            use_color=True,
                            use_dim=[
                                0,
                                1,
                                2,
                                3,
                                4,
                                5,
                            ]),
                        dict(
                            type='LoadAnnotations3D',
                            with_bbox_3d=True,
                            with_label_3d=True),
                        dict(num_points=100000, type='PointSample'),
                        dict(
                            flip_ratio_bev_horizontal=0.5,
                            flip_ratio_bev_vertical=0.5,
                            sync_2d=False,
                            type='RandomFlip3D'),
                        dict(
                            rot_range=[
                                -0.087266,
                                0.087266,
                            ],
                            scale_ratio_range=[
                                0.9,
                                1.1,
                            ],
                            shift_height=False,
                            translation_std=[
                                0.1,
                                0.1,
                                0.1,
                            ],
                            type='GlobalRotScaleTrans'),
                        dict(color_mean=None, type='NormalizePointsColor'),
                        dict(
                            keys=[
                                'points',
                                'gt_bboxes_3d',
                                'gt_labels_3d',
                            ],
                            type='Pack3DDetInputs'),
                    ],
                    type='S3DISDataset'),
                dict(
                    ann_file='s3dis_infos_Area_2.pkl',
                    backend_args=None,
                    box_type_3d='Depth',
                    data_root='data/s3dis/',
                    filter_empty_gt=True,
                    metainfo=dict(
                        classes=(
                            'table',
                            'chair',
                            'sofa',
                            'bookcase',
                            'board',
                        )),
                    pipeline=[
                        dict(
                            backend_args=None,
                            coord_type='DEPTH',
                            load_dim=6,
                            shift_height=False,
                            type='LoadPointsFromFile',
                            use_color=True,
                            use_dim=[
                                0,
                                1,
                                2,
                                3,
                                4,
                                5,
                            ]),
                        dict(
                            type='LoadAnnotations3D',
                            with_bbox_3d=True,
                            with_label_3d=True),
                        dict(num_points=100000, type='PointSample'),
                        dict(
                            flip_ratio_bev_horizontal=0.5,
                            flip_ratio_bev_vertical=0.5,
                            sync_2d=False,
                            type='RandomFlip3D'),
                        dict(
                            rot_range=[
                                -0.087266,
                                0.087266,
                            ],
                            scale_ratio_range=[
                                0.9,
                                1.1,
                            ],
                            shift_height=False,
                            translation_std=[
                                0.1,
                                0.1,
                                0.1,
                            ],
                            type='GlobalRotScaleTrans'),
                        dict(color_mean=None, type='NormalizePointsColor'),
                        dict(
                            keys=[
                                'points',
                                'gt_bboxes_3d',
                                'gt_labels_3d',
                            ],
                            type='Pack3DDetInputs'),
                    ],
                    type='S3DISDataset'),
                dict(
                    ann_file='s3dis_infos_Area_3.pkl',
                    backend_args=None,
                    box_type_3d='Depth',
                    data_root='data/s3dis/',
                    filter_empty_gt=True,
                    metainfo=dict(
                        classes=(
                            'table',
                            'chair',
                            'sofa',
                            'bookcase',
                            'board',
                        )),
                    pipeline=[
                        dict(
                            backend_args=None,
                            coord_type='DEPTH',
                            load_dim=6,
                            shift_height=False,
                            type='LoadPointsFromFile',
                            use_color=True,
                            use_dim=[
                                0,
                                1,
                                2,
                                3,
                                4,
                                5,
                            ]),
                        dict(
                            type='LoadAnnotations3D',
                            with_bbox_3d=True,
                            with_label_3d=True),
                        dict(num_points=100000, type='PointSample'),
                        dict(
                            flip_ratio_bev_horizontal=0.5,
                            flip_ratio_bev_vertical=0.5,
                            sync_2d=False,
                            type='RandomFlip3D'),
                        dict(
                            rot_range=[
                                -0.087266,
                                0.087266,
                            ],
                            scale_ratio_range=[
                                0.9,
                                1.1,
                            ],
                            shift_height=False,
                            translation_std=[
                                0.1,
                                0.1,
                                0.1,
                            ],
                            type='GlobalRotScaleTrans'),
                        dict(color_mean=None, type='NormalizePointsColor'),
                        dict(
                            keys=[
                                'points',
                                'gt_bboxes_3d',
                                'gt_labels_3d',
                            ],
                            type='Pack3DDetInputs'),
                    ],
                    type='S3DISDataset'),
                dict(
                    ann_file='s3dis_infos_Area_4.pkl',
                    backend_args=None,
                    box_type_3d='Depth',
                    data_root='data/s3dis/',
                    filter_empty_gt=True,
                    metainfo=dict(
                        classes=(
                            'table',
                            'chair',
                            'sofa',
                            'bookcase',
                            'board',
                        )),
                    pipeline=[
                        dict(
                            backend_args=None,
                            coord_type='DEPTH',
                            load_dim=6,
                            shift_height=False,
                            type='LoadPointsFromFile',
                            use_color=True,
                            use_dim=[
                                0,
                                1,
                                2,
                                3,
                                4,
                                5,
                            ]),
                        dict(
                            type='LoadAnnotations3D',
                            with_bbox_3d=True,
                            with_label_3d=True),
                        dict(num_points=100000, type='PointSample'),
                        dict(
                            flip_ratio_bev_horizontal=0.5,
                            flip_ratio_bev_vertical=0.5,
                            sync_2d=False,
                            type='RandomFlip3D'),
                        dict(
                            rot_range=[
                                -0.087266,
                                0.087266,
                            ],
                            scale_ratio_range=[
                                0.9,
                                1.1,
                            ],
                            shift_height=False,
                            translation_std=[
                                0.1,
                                0.1,
                                0.1,
                            ],
                            type='GlobalRotScaleTrans'),
                        dict(color_mean=None, type='NormalizePointsColor'),
                        dict(
                            keys=[
                                'points',
                                'gt_bboxes_3d',
                                'gt_labels_3d',
                            ],
                            type='Pack3DDetInputs'),
                    ],
                    type='S3DISDataset'),
                dict(
                    ann_file='s3dis_infos_Area_6.pkl',
                    backend_args=None,
                    box_type_3d='Depth',
                    data_root='data/s3dis/',
                    filter_empty_gt=True,
                    metainfo=dict(
                        classes=(
                            'table',
                            'chair',
                            'sofa',
                            'bookcase',
                            'board',
                        )),
                    pipeline=[
                        dict(
                            backend_args=None,
                            coord_type='DEPTH',
                            load_dim=6,
                            shift_height=False,
                            type='LoadPointsFromFile',
                            use_color=True,
                            use_dim=[
                                0,
                                1,
                                2,
                                3,
                                4,
                                5,
                            ]),
                        dict(
                            type='LoadAnnotations3D',
                            with_bbox_3d=True,
                            with_label_3d=True),
                        dict(num_points=100000, type='PointSample'),
                        dict(
                            flip_ratio_bev_horizontal=0.5,
                            flip_ratio_bev_vertical=0.5,
                            sync_2d=False,
                            type='RandomFlip3D'),
                        dict(
                            rot_range=[
                                -0.087266,
                                0.087266,
                            ],
                            scale_ratio_range=[
                                0.9,
                                1.1,
                            ],
                            shift_height=False,
                            translation_std=[
                                0.1,
                                0.1,
                                0.1,
                            ],
                            type='GlobalRotScaleTrans'),
                        dict(color_mean=None, type='NormalizePointsColor'),
                        dict(
                            keys=[
                                'points',
                                'gt_bboxes_3d',
                                'gt_labels_3d',
                            ],
                            type='Pack3DDetInputs'),
                    ],
                    type='S3DISDataset'),
            ],
            type='ConcatDataset'),
        times=13,
        type='RepeatDataset'),
    num_workers=4,
    sampler=dict(shuffle=True, type='DefaultSampler'))
train_pipeline = [
    dict(
        backend_args=None,
        coord_type='DEPTH',
        load_dim=6,
        shift_height=False,
        type='LoadPointsFromFile',
        use_color=True,
        use_dim=[
            0,
            1,
            2,
            3,
            4,
            5,
        ]),
    dict(type='LoadAnnotations3D', with_bbox_3d=True, with_label_3d=True),
    dict(num_points=100000, type='PointSample'),
    dict(
        flip_ratio_bev_horizontal=0.5,
        flip_ratio_bev_vertical=0.5,
        sync_2d=False,
        type='RandomFlip3D'),
    dict(
        rot_range=[
            -0.087266,
            0.087266,
        ],
        scale_ratio_range=[
            0.9,
            1.1,
        ],
        shift_height=False,
        translation_std=[
            0.1,
            0.1,
            0.1,
        ],
        type='GlobalRotScaleTrans'),
    dict(color_mean=None, type='NormalizePointsColor'),
    dict(
        keys=[
            'points',
            'gt_bboxes_3d',
            'gt_labels_3d',
        ],
        type='Pack3DDetInputs'),
]
val_cfg = dict(type='ValLoop')
val_dataloader = dict(
    batch_size=1,
    dataset=dict(
        ann_file='s3dis_infos_Area_5.pkl',
        backend_args=None,
        box_type_3d='Depth',
        data_root='data/s3dis/',
        metainfo=dict(
            classes=(
                'table',
                'chair',
                'sofa',
                'bookcase',
                'board',
            )),
        pipeline=[
            dict(
                backend_args=None,
                coord_type='DEPTH',
                load_dim=6,
                shift_height=False,
                type='LoadPointsFromFile',
                use_color=True,
                use_dim=[
                    0,
                    1,
                    2,
                    3,
                    4,
                    5,
                ]),
            dict(
                flip=False,
                img_scale=(
                    1333,
                    800,
                ),
                pts_scale_ratio=1,
                transforms=[
                    dict(
                        rot_range=[
                            0,
                            0,
                        ],
                        scale_ratio_range=[
                            1.0,
                            1.0,
                        ],
                        translation_std=[
                            0,
                            0,
                            0,
                        ],
                        type='GlobalRotScaleTrans'),
                    dict(
                        flip_ratio_bev_horizontal=0.5,
                        flip_ratio_bev_vertical=0.5,
                        sync_2d=False,
                        type='RandomFlip3D'),
                    dict(num_points=100000, type='PointSample'),
                    dict(color_mean=None, type='NormalizePointsColor'),
                ],
                type='MultiScaleFlipAug3D'),
            dict(keys=[
                'points',
            ], type='Pack3DDetInputs'),
        ],
        test_mode=True,
        type='S3DISDataset'),
    num_workers=1,
    sampler=dict(shuffle=False, type='DefaultSampler'))
val_evaluator = dict(type='IndoorMetric')
vis_backends = [
    dict(type='LocalVisBackend'),
]
visualizer = dict(
    name='visualizer',
    type='Det3DLocalVisualizer',
    vis_backends=[
        dict(type='LocalVisBackend'),
    ])
work_dir = './work_dirs/fcaf3d_2xb8_s3dis-3d-5class'

2024/06/06 20:39:56 - mmengine - INFO - Distributed training is not used, all SyncBatchNorm (SyncBN) layers in the model will be automatically reverted to BatchNormXd layers if they are used.
2024/06/06 20:39:56 - mmengine - INFO - Hooks will be executed in the following order:
before_run:
(VERY_HIGH   ) RuntimeInfoHook                    
(BELOW_NORMAL) LoggerHook                         
 -------------------- 
before_train:
(VERY_HIGH   ) RuntimeInfoHook                    
(NORMAL      ) IterTimerHook                      
(VERY_LOW    ) CheckpointHook                     
 -------------------- 
before_train_epoch:
(VERY_HIGH   ) RuntimeInfoHook                    
(NORMAL      ) IterTimerHook                      
(NORMAL      ) DistSamplerSeedHook                
(NORMAL      ) EmptyCacheHook                     
 -------------------- 
before_train_iter:
(VERY_HIGH   ) RuntimeInfoHook                    
(NORMAL      ) IterTimerHook                      
 -------------------- 
after_train_iter:
(VERY_HIGH   ) RuntimeInfoHook                    
(NORMAL      ) IterTimerHook                      
(NORMAL      ) EmptyCacheHook                     
(BELOW_NORMAL) LoggerHook                         
(LOW         ) ParamSchedulerHook                 
(VERY_LOW    ) CheckpointHook                     
 -------------------- 
after_train_epoch:
(NORMAL      ) IterTimerHook                      
(NORMAL      ) EmptyCacheHook                     
(LOW         ) ParamSchedulerHook                 
(VERY_LOW    ) CheckpointHook                     
 -------------------- 
before_val:
(VERY_HIGH   ) RuntimeInfoHook                    
 -------------------- 
before_val_epoch:
(NORMAL      ) IterTimerHook                      
(NORMAL      ) EmptyCacheHook                     
 -------------------- 
before_val_iter:
(NORMAL      ) IterTimerHook                      
 -------------------- 
after_val_iter:
(NORMAL      ) IterTimerHook                      
(NORMAL      ) Det3DVisualizationHook             
(NORMAL      ) EmptyCacheHook                     
(BELOW_NORMAL) LoggerHook                         
 -------------------- 
after_val_epoch:
(VERY_HIGH   ) RuntimeInfoHook                    
(NORMAL      ) IterTimerHook                      
(NORMAL      ) EmptyCacheHook                     
(BELOW_NORMAL) LoggerHook                         
(LOW         ) ParamSchedulerHook                 
(VERY_LOW    ) CheckpointHook                     
 -------------------- 
after_val:
(VERY_HIGH   ) RuntimeInfoHook                    
 -------------------- 
after_train:
(VERY_HIGH   ) RuntimeInfoHook                    
(VERY_LOW    ) CheckpointHook                     
 -------------------- 
before_test:
(VERY_HIGH   ) RuntimeInfoHook                    
 -------------------- 
before_test_epoch:
(NORMAL      ) IterTimerHook                      
(NORMAL      ) EmptyCacheHook                     
 -------------------- 
before_test_iter:
(NORMAL      ) IterTimerHook                      
 -------------------- 
after_test_iter:
(NORMAL      ) IterTimerHook                      
(NORMAL      ) Det3DVisualizationHook             
(NORMAL      ) EmptyCacheHook                     
(BELOW_NORMAL) LoggerHook                         
 -------------------- 
after_test_epoch:
(VERY_HIGH   ) RuntimeInfoHook                    
(NORMAL      ) IterTimerHook                      
(NORMAL      ) EmptyCacheHook                     
(BELOW_NORMAL) LoggerHook                         
 -------------------- 
after_test:
(VERY_HIGH   ) RuntimeInfoHook                    
 -------------------- 
after_run:
(BELOW_NORMAL) LoggerHook                         
 -------------------- 
2024/06/06 20:39:57 - mmengine - INFO - ------------------------------
2024/06/06 20:39:57 - mmengine - INFO - The length of training dataset: 44
2024/06/06 20:39:57 - mmengine - INFO - The number of instances per category in the dataset:
+----------+--------+
| category | number |
+----------+--------+
| table    | 69     |
| chair    | 155    |
| sofa     | 6      |
| bookcase | 90     |
| board    | 27     |
+----------+--------+
2024/06/06 20:39:57 - mmengine - INFO - ------------------------------
2024/06/06 20:39:57 - mmengine - INFO - The length of training dataset: 40
2024/06/06 20:39:57 - mmengine - INFO - The number of instances per category in the dataset:
+----------+--------+
| category | number |
+----------+--------+
| table    | 46     |
| chair    | 545    |
| sofa     | 6      |
| bookcase | 47     |
| board    | 17     |
+----------+--------+
2024/06/06 20:39:57 - mmengine - INFO - ------------------------------
2024/06/06 20:39:57 - mmengine - INFO - The length of training dataset: 23
2024/06/06 20:39:57 - mmengine - INFO - The number of instances per category in the dataset:
+----------+--------+
| category | number |
+----------+--------+
| table    | 30     |
| chair    | 67     |
| sofa     | 9      |
| bookcase | 41     |
| board    | 12     |
+----------+--------+
2024/06/06 20:39:57 - mmengine - INFO - ------------------------------
2024/06/06 20:39:57 - mmengine - INFO - The length of training dataset: 49
2024/06/06 20:39:57 - mmengine - INFO - The number of instances per category in the dataset:
+----------+--------+
| category | number |
+----------+--------+
| table    | 79     |
| chair    | 159    |
| sofa     | 14     |
| bookcase | 98     |
| board    | 10     |
+----------+--------+
2024/06/06 20:39:57 - mmengine - INFO - ------------------------------
2024/06/06 20:39:57 - mmengine - INFO - The length of training dataset: 48
2024/06/06 20:39:57 - mmengine - INFO - The number of instances per category in the dataset:
+----------+--------+
| category | number |
+----------+--------+
| table    | 77     |
| chair    | 179    |
| sofa     | 9      |
| bookcase | 90     |
| board    | 29     |
+----------+--------+
2024/06/06 20:39:57 - mmengine - INFO - ------------------------------
2024/06/06 20:39:57 - mmengine - INFO - The length of test dataset: 68
2024/06/06 20:39:57 - mmengine - INFO - The number of instances per category in the dataset:
+----------+--------+
| category | number |
+----------+--------+
| table    | 154    |
| chair    | 258    |
| sofa     | 11     |
| bookcase | 217    |
| board    | 42     |
+----------+--------+
2024/06/06 20:39:57 - mmengine - WARNING - The prefix is not set in metric class IndoorMetric.
Name of parameter - Initialization information

backbone.conv1.kernel - torch.Size([27, 3, 64]): 
Initialized by user-defined `init_weights` in MinkResNet  

backbone.norm1.weight - torch.Size([1, 64]): 
The value is the same before and after calling `init_weights` of MinkSingleStage3DDetector  

backbone.norm1.bias - torch.Size([1, 64]): 
The value is the same before and after calling `init_weights` of MinkSingleStage3DDetector  

backbone.layer1.0.conv1.kernel - torch.Size([27, 64, 64]): 
Initialized by user-defined `init_weights` in MinkResNet  

backbone.layer1.0.norm1.bn.weight - torch.Size([64]): 
The value is the same before and after calling `init_weights` of MinkSingleStage3DDetector  

backbone.layer1.0.norm1.bn.bias - torch.Size([64]): 
The value is the same before and after calling `init_weights` of MinkSingleStage3DDetector  

backbone.layer1.0.conv2.kernel - torch.Size([27, 64, 64]): 
Initialized by user-defined `init_weights` in MinkResNet  

backbone.layer1.0.norm2.bn.weight - torch.Size([64]): 
The value is the same before and after calling `init_weights` of MinkSingleStage3DDetector  

backbone.layer1.0.norm2.bn.bias - torch.Size([64]): 
The value is the same before and after calling `init_weights` of MinkSingleStage3DDetector  

backbone.layer1.0.downsample.0.kernel - torch.Size([1, 64, 64]): 
Initialized by user-defined `init_weights` in MinkResNet  

backbone.layer1.0.downsample.1.bn.weight - torch.Size([64]): 
The value is the same before and after calling `init_weights` of MinkSingleStage3DDetector  

backbone.layer1.0.downsample.1.bn.bias - torch.Size([64]): 
The value is the same before and after calling `init_weights` of MinkSingleStage3DDetector  

backbone.layer1.1.conv1.kernel - torch.Size([27, 64, 64]): 
Initialized by user-defined `init_weights` in MinkResNet  

backbone.layer1.1.norm1.bn.weight - torch.Size([64]): 
The value is the same before and after calling `init_weights` of MinkSingleStage3DDetector  

backbone.layer1.1.norm1.bn.bias - torch.Size([64]): 
The value is the same before and after calling `init_weights` of MinkSingleStage3DDetector  

backbone.layer1.1.conv2.kernel - torch.Size([27, 64, 64]): 
Initialized by user-defined `init_weights` in MinkResNet  

backbone.layer1.1.norm2.bn.weight - torch.Size([64]): 
The value is the same before and after calling `init_weights` of MinkSingleStage3DDetector  

backbone.layer1.1.norm2.bn.bias - torch.Size([64]): 
The value is the same before and after calling `init_weights` of MinkSingleStage3DDetector  

backbone.layer1.2.conv1.kernel - torch.Size([27, 64, 64]): 
Initialized by user-defined `init_weights` in MinkResNet  

backbone.layer1.2.norm1.bn.weight - torch.Size([64]): 
The value is the same before and after calling `init_weights` of MinkSingleStage3DDetector  

backbone.layer1.2.norm1.bn.bias - torch.Size([64]): 
The value is the same before and after calling `init_weights` of MinkSingleStage3DDetector  

backbone.layer1.2.conv2.kernel - torch.Size([27, 64, 64]): 
Initialized by user-defined `init_weights` in MinkResNet  

backbone.layer1.2.norm2.bn.weight - torch.Size([64]): 
The value is the same before and after calling `init_weights` of MinkSingleStage3DDetector  

backbone.layer1.2.norm2.bn.bias - torch.Size([64]): 
The value is the same before and after calling `init_weights` of MinkSingleStage3DDetector  

backbone.layer2.0.conv1.kernel - torch.Size([27, 64, 128]): 
Initialized by user-defined `init_weights` in MinkResNet  

backbone.layer2.0.norm1.bn.weight - torch.Size([128]): 
The value is the same before and after calling `init_weights` of MinkSingleStage3DDetector  

backbone.layer2.0.norm1.bn.bias - torch.Size([128]): 
The value is the same before and after calling `init_weights` of MinkSingleStage3DDetector  

backbone.layer2.0.conv2.kernel - torch.Size([27, 128, 128]): 
Initialized by user-defined `init_weights` in MinkResNet  

backbone.layer2.0.norm2.bn.weight - torch.Size([128]): 
The value is the same before and after calling `init_weights` of MinkSingleStage3DDetector  

backbone.layer2.0.norm2.bn.bias - torch.Size([128]): 
The value is the same before and after calling `init_weights` of MinkSingleStage3DDetector  

backbone.layer2.0.downsample.0.kernel - torch.Size([1, 64, 128]): 
Initialized by user-defined `init_weights` in MinkResNet  

backbone.layer2.0.downsample.1.bn.weight - torch.Size([128]): 
The value is the same before and after calling `init_weights` of MinkSingleStage3DDetector  

backbone.layer2.0.downsample.1.bn.bias - torch.Size([128]): 
The value is the same before and after calling `init_weights` of MinkSingleStage3DDetector  

backbone.layer2.1.conv1.kernel - torch.Size([27, 128, 128]): 
Initialized by user-defined `init_weights` in MinkResNet  

backbone.layer2.1.norm1.bn.weight - torch.Size([128]): 
The value is the same before and after calling `init_weights` of MinkSingleStage3DDetector  

backbone.layer2.1.norm1.bn.bias - torch.Size([128]): 
The value is the same before and after calling `init_weights` of MinkSingleStage3DDetector  

backbone.layer2.1.conv2.kernel - torch.Size([27, 128, 128]): 
Initialized by user-defined `init_weights` in MinkResNet  

backbone.layer2.1.norm2.bn.weight - torch.Size([128]): 
The value is the same before and after calling `init_weights` of MinkSingleStage3DDetector  

backbone.layer2.1.norm2.bn.bias - torch.Size([128]): 
The value is the same before and after calling `init_weights` of MinkSingleStage3DDetector  

backbone.layer2.2.conv1.kernel - torch.Size([27, 128, 128]): 
Initialized by user-defined `init_weights` in MinkResNet  

backbone.layer2.2.norm1.bn.weight - torch.Size([128]): 
The value is the same before and after calling `init_weights` of MinkSingleStage3DDetector  

backbone.layer2.2.norm1.bn.bias - torch.Size([128]): 
The value is the same before and after calling `init_weights` of MinkSingleStage3DDetector  

backbone.layer2.2.conv2.kernel - torch.Size([27, 128, 128]): 
Initialized by user-defined `init_weights` in MinkResNet  

backbone.layer2.2.norm2.bn.weight - torch.Size([128]): 
The value is the same before and after calling `init_weights` of MinkSingleStage3DDetector  

backbone.layer2.2.norm2.bn.bias - torch.Size([128]): 
The value is the same before and after calling `init_weights` of MinkSingleStage3DDetector  

backbone.layer2.3.conv1.kernel - torch.Size([27, 128, 128]): 
Initialized by user-defined `init_weights` in MinkResNet  

backbone.layer2.3.norm1.bn.weight - torch.Size([128]): 
The value is the same before and after calling `init_weights` of MinkSingleStage3DDetector  

backbone.layer2.3.norm1.bn.bias - torch.Size([128]): 
The value is the same before and after calling `init_weights` of MinkSingleStage3DDetector  

backbone.layer2.3.conv2.kernel - torch.Size([27, 128, 128]): 
Initialized by user-defined `init_weights` in MinkResNet  

backbone.layer2.3.norm2.bn.weight - torch.Size([128]): 
The value is the same before and after calling `init_weights` of MinkSingleStage3DDetector  

backbone.layer2.3.norm2.bn.bias - torch.Size([128]): 
The value is the same before and after calling `init_weights` of MinkSingleStage3DDetector  

backbone.layer3.0.conv1.kernel - torch.Size([27, 128, 256]): 
Initialized by user-defined `init_weights` in MinkResNet  

backbone.layer3.0.norm1.bn.weight - torch.Size([256]): 
The value is the same before and after calling `init_weights` of MinkSingleStage3DDetector  

backbone.layer3.0.norm1.bn.bias - torch.Size([256]): 
The value is the same before and after calling `init_weights` of MinkSingleStage3DDetector  

backbone.layer3.0.conv2.kernel - torch.Size([27, 256, 256]): 
Initialized by user-defined `init_weights` in MinkResNet  

backbone.layer3.0.norm2.bn.weight - torch.Size([256]): 
The value is the same before and after calling `init_weights` of MinkSingleStage3DDetector  

backbone.layer3.0.norm2.bn.bias - torch.Size([256]): 
The value is the same before and after calling `init_weights` of MinkSingleStage3DDetector  

backbone.layer3.0.downsample.0.kernel - torch.Size([1, 128, 256]): 
Initialized by user-defined `init_weights` in MinkResNet  

backbone.layer3.0.downsample.1.bn.weight - torch.Size([256]): 
The value is the same before and after calling `init_weights` of MinkSingleStage3DDetector  

backbone.layer3.0.downsample.1.bn.bias - torch.Size([256]): 
The value is the same before and after calling `init_weights` of MinkSingleStage3DDetector  

backbone.layer3.1.conv1.kernel - torch.Size([27, 256, 256]): 
Initialized by user-defined `init_weights` in MinkResNet  

backbone.layer3.1.norm1.bn.weight - torch.Size([256]): 
The value is the same before and after calling `init_weights` of MinkSingleStage3DDetector  

backbone.layer3.1.norm1.bn.bias - torch.Size([256]): 
The value is the same before and after calling `init_weights` of MinkSingleStage3DDetector  

backbone.layer3.1.conv2.kernel - torch.Size([27, 256, 256]): 
Initialized by user-defined `init_weights` in MinkResNet  

backbone.layer3.1.norm2.bn.weight - torch.Size([256]): 
The value is the same before and after calling `init_weights` of MinkSingleStage3DDetector  

backbone.layer3.1.norm2.bn.bias - torch.Size([256]): 
The value is the same before and after calling `init_weights` of MinkSingleStage3DDetector  

backbone.layer3.2.conv1.kernel - torch.Size([27, 256, 256]): 
Initialized by user-defined `init_weights` in MinkResNet  

backbone.layer3.2.norm1.bn.weight - torch.Size([256]): 
The value is the same before and after calling `init_weights` of MinkSingleStage3DDetector  

backbone.layer3.2.norm1.bn.bias - torch.Size([256]): 
The value is the same before and after calling `init_weights` of MinkSingleStage3DDetector  

backbone.layer3.2.conv2.kernel - torch.Size([27, 256, 256]): 
Initialized by user-defined `init_weights` in MinkResNet  

backbone.layer3.2.norm2.bn.weight - torch.Size([256]): 
The value is the same before and after calling `init_weights` of MinkSingleStage3DDetector  

backbone.layer3.2.norm2.bn.bias - torch.Size([256]): 
The value is the same before and after calling `init_weights` of MinkSingleStage3DDetector  

backbone.layer3.3.conv1.kernel - torch.Size([27, 256, 256]): 
Initialized by user-defined `init_weights` in MinkResNet  

backbone.layer3.3.norm1.bn.weight - torch.Size([256]): 
The value is the same before and after calling `init_weights` of MinkSingleStage3DDetector  

backbone.layer3.3.norm1.bn.bias - torch.Size([256]): 
The value is the same before and after calling `init_weights` of MinkSingleStage3DDetector  

backbone.layer3.3.conv2.kernel - torch.Size([27, 256, 256]): 
Initialized by user-defined `init_weights` in MinkResNet  

backbone.layer3.3.norm2.bn.weight - torch.Size([256]): 
The value is the same before and after calling `init_weights` of MinkSingleStage3DDetector  

backbone.layer3.3.norm2.bn.bias - torch.Size([256]): 
The value is the same before and after calling `init_weights` of MinkSingleStage3DDetector  

backbone.layer3.4.conv1.kernel - torch.Size([27, 256, 256]): 
Initialized by user-defined `init_weights` in MinkResNet  

backbone.layer3.4.norm1.bn.weight - torch.Size([256]): 
The value is the same before and after calling `init_weights` of MinkSingleStage3DDetector  

backbone.layer3.4.norm1.bn.bias - torch.Size([256]): 
The value is the same before and after calling `init_weights` of MinkSingleStage3DDetector  

backbone.layer3.4.conv2.kernel - torch.Size([27, 256, 256]): 
Initialized by user-defined `init_weights` in MinkResNet  

backbone.layer3.4.norm2.bn.weight - torch.Size([256]): 
The value is the same before and after calling `init_weights` of MinkSingleStage3DDetector  

backbone.layer3.4.norm2.bn.bias - torch.Size([256]): 
The value is the same before and after calling `init_weights` of MinkSingleStage3DDetector  

backbone.layer3.5.conv1.kernel - torch.Size([27, 256, 256]): 
Initialized by user-defined `init_weights` in MinkResNet  

backbone.layer3.5.norm1.bn.weight - torch.Size([256]): 
The value is the same before and after calling `init_weights` of MinkSingleStage3DDetector  

backbone.layer3.5.norm1.bn.bias - torch.Size([256]): 
The value is the same before and after calling `init_weights` of MinkSingleStage3DDetector  

backbone.layer3.5.conv2.kernel - torch.Size([27, 256, 256]): 
Initialized by user-defined `init_weights` in MinkResNet  

backbone.layer3.5.norm2.bn.weight - torch.Size([256]): 
The value is the same before and after calling `init_weights` of MinkSingleStage3DDetector  

backbone.layer3.5.norm2.bn.bias - torch.Size([256]): 
The value is the same before and after calling `init_weights` of MinkSingleStage3DDetector  

backbone.layer4.0.conv1.kernel - torch.Size([27, 256, 512]): 
Initialized by user-defined `init_weights` in MinkResNet  

backbone.layer4.0.norm1.bn.weight - torch.Size([512]): 
The value is the same before and after calling `init_weights` of MinkSingleStage3DDetector  

backbone.layer4.0.norm1.bn.bias - torch.Size([512]): 
The value is the same before and after calling `init_weights` of MinkSingleStage3DDetector  

backbone.layer4.0.conv2.kernel - torch.Size([27, 512, 512]): 
Initialized by user-defined `init_weights` in MinkResNet  

backbone.layer4.0.norm2.bn.weight - torch.Size([512]): 
The value is the same before and after calling `init_weights` of MinkSingleStage3DDetector  

backbone.layer4.0.norm2.bn.bias - torch.Size([512]): 
The value is the same before and after calling `init_weights` of MinkSingleStage3DDetector  

backbone.layer4.0.downsample.0.kernel - torch.Size([1, 256, 512]): 
Initialized by user-defined `init_weights` in MinkResNet  

backbone.layer4.0.downsample.1.bn.weight - torch.Size([512]): 
The value is the same before and after calling `init_weights` of MinkSingleStage3DDetector  

backbone.layer4.0.downsample.1.bn.bias - torch.Size([512]): 
The value is the same before and after calling `init_weights` of MinkSingleStage3DDetector  

backbone.layer4.1.conv1.kernel - torch.Size([27, 512, 512]): 
Initialized by user-defined `init_weights` in MinkResNet  

backbone.layer4.1.norm1.bn.weight - torch.Size([512]): 
The value is the same before and after calling `init_weights` of MinkSingleStage3DDetector  

backbone.layer4.1.norm1.bn.bias - torch.Size([512]): 
The value is the same before and after calling `init_weights` of MinkSingleStage3DDetector  

backbone.layer4.1.conv2.kernel - torch.Size([27, 512, 512]): 
Initialized by user-defined `init_weights` in MinkResNet  

backbone.layer4.1.norm2.bn.weight - torch.Size([512]): 
The value is the same before and after calling `init_weights` of MinkSingleStage3DDetector  

backbone.layer4.1.norm2.bn.bias - torch.Size([512]): 
The value is the same before and after calling `init_weights` of MinkSingleStage3DDetector  

backbone.layer4.2.conv1.kernel - torch.Size([27, 512, 512]): 
Initialized by user-defined `init_weights` in MinkResNet  

backbone.layer4.2.norm1.bn.weight - torch.Size([512]): 
The value is the same before and after calling `init_weights` of MinkSingleStage3DDetector  

backbone.layer4.2.norm1.bn.bias - torch.Size([512]): 
The value is the same before and after calling `init_weights` of MinkSingleStage3DDetector  

backbone.layer4.2.conv2.kernel - torch.Size([27, 512, 512]): 
Initialized by user-defined `init_weights` in MinkResNet  

backbone.layer4.2.norm2.bn.weight - torch.Size([512]): 
The value is the same before and after calling `init_weights` of MinkSingleStage3DDetector  

backbone.layer4.2.norm2.bn.bias - torch.Size([512]): 
The value is the same before and after calling `init_weights` of MinkSingleStage3DDetector  

bbox_head.out_block_0.0.kernel - torch.Size([27, 64, 128]): 
The value is the same before and after calling `init_weights` of MinkSingleStage3DDetector  

bbox_head.out_block_0.1.bn.weight - torch.Size([128]): 
The value is the same before and after calling `init_weights` of MinkSingleStage3DDetector  

bbox_head.out_block_0.1.bn.bias - torch.Size([128]): 
The value is the same before and after calling `init_weights` of MinkSingleStage3DDetector  

bbox_head.up_block_1.0.kernel - torch.Size([8, 128, 64]): 
The value is the same before and after calling `init_weights` of MinkSingleStage3DDetector  

bbox_head.up_block_1.1.bn.weight - torch.Size([64]): 
The value is the same before and after calling `init_weights` of MinkSingleStage3DDetector  

bbox_head.up_block_1.1.bn.bias - torch.Size([64]): 
The value is the same before and after calling `init_weights` of MinkSingleStage3DDetector  

bbox_head.up_block_1.3.kernel - torch.Size([27, 64, 64]): 
The value is the same before and after calling `init_weights` of MinkSingleStage3DDetector  

bbox_head.up_block_1.4.bn.weight - torch.Size([64]): 
The value is the same before and after calling `init_weights` of MinkSingleStage3DDetector  

bbox_head.up_block_1.4.bn.bias - torch.Size([64]): 
The value is the same before and after calling `init_weights` of MinkSingleStage3DDetector  

bbox_head.out_block_1.0.kernel - torch.Size([27, 128, 128]): 
The value is the same before and after calling `init_weights` of MinkSingleStage3DDetector  

bbox_head.out_block_1.1.bn.weight - torch.Size([128]): 
The value is the same before and after calling `init_weights` of MinkSingleStage3DDetector  

bbox_head.out_block_1.1.bn.bias - torch.Size([128]): 
The value is the same before and after calling `init_weights` of MinkSingleStage3DDetector  

bbox_head.up_block_2.0.kernel - torch.Size([8, 256, 128]): 
The value is the same before and after calling `init_weights` of MinkSingleStage3DDetector  

bbox_head.up_block_2.1.bn.weight - torch.Size([128]): 
The value is the same before and after calling `init_weights` of MinkSingleStage3DDetector  

bbox_head.up_block_2.1.bn.bias - torch.Size([128]): 
The value is the same before and after calling `init_weights` of MinkSingleStage3DDetector  

bbox_head.up_block_2.3.kernel - torch.Size([27, 128, 128]): 
The value is the same before and after calling `init_weights` of MinkSingleStage3DDetector  

bbox_head.up_block_2.4.bn.weight - torch.Size([128]): 
The value is the same before and after calling `init_weights` of MinkSingleStage3DDetector  

bbox_head.up_block_2.4.bn.bias - torch.Size([128]): 
The value is the same before and after calling `init_weights` of MinkSingleStage3DDetector  

bbox_head.out_block_2.0.kernel - torch.Size([27, 256, 128]): 
The value is the same before and after calling `init_weights` of MinkSingleStage3DDetector  

bbox_head.out_block_2.1.bn.weight - torch.Size([128]): 
The value is the same before and after calling `init_weights` of MinkSingleStage3DDetector  

bbox_head.out_block_2.1.bn.bias - torch.Size([128]): 
The value is the same before and after calling `init_weights` of MinkSingleStage3DDetector  

bbox_head.up_block_3.0.kernel - torch.Size([8, 512, 256]): 
The value is the same before and after calling `init_weights` of MinkSingleStage3DDetector  

bbox_head.up_block_3.1.bn.weight - torch.Size([256]): 
The value is the same before and after calling `init_weights` of MinkSingleStage3DDetector  

bbox_head.up_block_3.1.bn.bias - torch.Size([256]): 
The value is the same before and after calling `init_weights` of MinkSingleStage3DDetector  

bbox_head.up_block_3.3.kernel - torch.Size([27, 256, 256]): 
The value is the same before and after calling `init_weights` of MinkSingleStage3DDetector  

bbox_head.up_block_3.4.bn.weight - torch.Size([256]): 
The value is the same before and after calling `init_weights` of MinkSingleStage3DDetector  

bbox_head.up_block_3.4.bn.bias - torch.Size([256]): 
The value is the same before and after calling `init_weights` of MinkSingleStage3DDetector  

bbox_head.out_block_3.0.kernel - torch.Size([27, 512, 128]): 
The value is the same before and after calling `init_weights` of MinkSingleStage3DDetector  

bbox_head.out_block_3.1.bn.weight - torch.Size([128]): 
The value is the same before and after calling `init_weights` of MinkSingleStage3DDetector  

bbox_head.out_block_3.1.bn.bias - torch.Size([128]): 
The value is the same before and after calling `init_weights` of MinkSingleStage3DDetector  

bbox_head.conv_center.kernel - torch.Size([128, 1]): 
Initialized by user-defined `init_weights` in FCAF3DHead  

bbox_head.conv_reg.kernel - torch.Size([128, 6]): 
Initialized by user-defined `init_weights` in FCAF3DHead  

bbox_head.conv_cls.kernel - torch.Size([128, 5]): 
Initialized by user-defined `init_weights` in FCAF3DHead  

bbox_head.conv_cls.bias - torch.Size([1, 5]): 
Initialized by user-defined `init_weights` in FCAF3DHead  

bbox_head.scales.0.scale - torch.Size([]): 
The value is the same before and after calling `init_weights` of MinkSingleStage3DDetector  

bbox_head.scales.1.scale - torch.Size([]): 
The value is the same before and after calling `init_weights` of MinkSingleStage3DDetector  

bbox_head.scales.2.scale - torch.Size([]): 
The value is the same before and after calling `init_weights` of MinkSingleStage3DDetector  

bbox_head.scales.3.scale - torch.Size([]): 
The value is the same before and after calling `init_weights` of MinkSingleStage3DDetector  
2024/06/06 20:39:58 - mmengine - WARNING - "FileClient" will be deprecated in future. Please use io functions in https://mmengine.readthedocs.io/en/latest/api/fileio.html#file-io
2024/06/06 20:39:58 - mmengine - WARNING - "HardDiskBackend" is the alias of "LocalBackend" and the former will be deprecated in future.
2024/06/06 20:39:58 - mmengine - INFO - Checkpoints will be saved to /home/bnxy/mmdetection3d/work_dirs/fcaf3d_2xb8_s3dis-3d-5class.
